<?xml version="1.0" encoding="UTF-8"?>
<coverage generated="1525838865983" clover="3.2.0">
  <project timestamp="1525838865984" name="All files">
    <metrics statements="179" coveredstatements="151" conditionals="137" coveredconditionals="117" methods="38" coveredmethods="36" elements="354" coveredelements="304" complexity="0" loc="179" ncloc="179" packages="3" files="5" classes="5">
      <package name="src">
        <metrics statements="2" coveredstatements="2" conditionals="2" coveredconditionals="2" methods="1" coveredmethods="1"/>
        <file name="index.js" path="/Users/freshwater/Git/calio/src/index.js">
          <metrics statements="2" coveredstatements="2" conditionals="2" coveredconditionals="2" methods="1" coveredmethods="1"/>
          <line num="5" count="3" type="cond" truecount="2" falsecount="0"/>
          <line num="9" count="3" type="stmt"/>
        </file>
      </package>
      <package name="src.components">
        <metrics statements="107" coveredstatements="79" conditionals="90" coveredconditionals="70" methods="12" coveredmethods="10"/>
        <file name="Calio.svlt" path="/Users/freshwater/Git/calio/src/components/Calio.svlt">
          <metrics statements="97" coveredstatements="69" conditionals="61" coveredconditionals="44" methods="9" coveredmethods="8"/>
          <line num="14" count="6" type="stmt"/>
          <line num="22" count="23" type="stmt"/>
          <line num="37" count="22" type="stmt"/>
          <line num="39" count="22" type="stmt"/>
          <line num="48" count="22" type="stmt"/>
          <line num="54" count="60" type="cond" truecount="2" falsecount="0"/>
          <line num="55" count="23" type="stmt"/>
          <line num="58" count="60" type="cond" truecount="5" falsecount="0"/>
          <line num="60" count="14" type="cond" truecount="2" falsecount="0"/>
          <line num="61" count="5" type="stmt"/>
          <line num="63" count="5" type="cond" truecount="2" falsecount="0"/>
          <line num="64" count="2" type="stmt"/>
          <line num="65" count="2" type="stmt"/>
          <line num="66" count="2" type="stmt"/>
          <line num="69" count="14" type="stmt"/>
          <line num="73" count="60" type="cond" truecount="4" falsecount="0"/>
          <line num="74" count="1" type="stmt"/>
          <line num="76" count="1" type="stmt"/>
          <line num="77" count="1" type="stmt"/>
          <line num="78" count="1" type="stmt"/>
          <line num="85" count="63" type="stmt"/>
          <line num="89" count="23" type="stmt"/>
          <line num="90" count="154" type="cond" truecount="4" falsecount="0"/>
          <line num="95" count="49" type="stmt"/>
          <line num="96" count="49" type="stmt"/>
          <line num="100" count="49" type="cond" truecount="2" falsecount="0"/>
          <line num="101" count="1" type="stmt"/>
          <line num="104" count="48" type="stmt"/>
          <line num="106" count="48" type="stmt"/>
          <line num="107" count="98" type="stmt"/>
          <line num="110" count="48" type="stmt"/>
          <line num="112" count="48" type="stmt"/>
          <line num="113" count="1488" type="stmt"/>
          <line num="116" count="48" type="stmt"/>
          <line num="117" count="48" type="stmt"/>
          <line num="119" count="48" type="stmt"/>
          <line num="120" count="94" type="stmt"/>
          <line num="123" count="48" type="stmt"/>
          <line num="127" count="6" type="stmt"/>
          <line num="130" count="83" type="stmt"/>
          <line num="138" count="34" type="stmt"/>
          <line num="140" count="34" type="stmt"/>
          <line num="142" count="34" type="cond" truecount="2" falsecount="0"/>
          <line num="143" count="14" type="stmt"/>
          <line num="145" count="5" type="stmt"/>
          <line num="146" count="5" type="stmt"/>
          <line num="148" count="4" type="stmt"/>
          <line num="149" count="4" type="stmt"/>
          <line num="151" count="5" type="stmt"/>
          <line num="152" count="5" type="stmt"/>
          <line num="158" count="5" type="stmt"/>
          <line num="161" count="5" type="cond" truecount="2" falsecount="0"/>
          <line num="162" count="5" type="stmt"/>
          <line num="164" count="5" type="cond" truecount="1" falsecount="1"/>
          <line num="165" count="0" type="stmt"/>
          <line num="166" count="0" type="stmt"/>
          <line num="167" count="5" type="cond" truecount="2" falsecount="0"/>
          <line num="168" count="1" type="stmt"/>
          <line num="172" count="4" type="stmt"/>
          <line num="174" count="4" type="stmt"/>
          <line num="175" count="2" type="stmt"/>
          <line num="178" count="4" type="cond" truecount="1" falsecount="1"/>
          <line num="179" count="0" type="stmt"/>
          <line num="180" count="0" type="cond" truecount="0" falsecount="2"/>
          <line num="181" count="0" type="cond" truecount="0" falsecount="2"/>
          <line num="184" count="0" type="cond" truecount="0" falsecount="2"/>
          <line num="185" count="0" type="stmt"/>
          <line num="189" count="4" type="stmt"/>
          <line num="196" count="4" type="stmt"/>
          <line num="199" count="4" type="cond" truecount="2" falsecount="0"/>
          <line num="200" count="4" type="stmt"/>
          <line num="202" count="4" type="cond" truecount="1" falsecount="1"/>
          <line num="203" count="0" type="stmt"/>
          <line num="204" count="0" type="stmt"/>
          <line num="205" count="4" type="cond" truecount="2" falsecount="2"/>
          <line num="206" count="4" type="stmt"/>
          <line num="208" count="4" type="stmt"/>
          <line num="215" count="5" type="stmt"/>
          <line num="221" count="0" type="stmt"/>
          <line num="223" count="0" type="stmt"/>
          <line num="229" count="0" type="stmt"/>
          <line num="231" count="0" type="stmt"/>
          <line num="237" count="0" type="stmt"/>
          <line num="239" count="0" type="stmt"/>
          <line num="245" count="0" type="stmt"/>
          <line num="247" count="0" type="stmt"/>
          <line num="253" count="0" type="stmt"/>
          <line num="255" count="0" type="stmt"/>
          <line num="261" count="0" type="stmt"/>
          <line num="263" count="0" type="stmt"/>
          <line num="269" count="0" type="stmt"/>
          <line num="275" count="0" type="stmt"/>
          <line num="277" count="0" type="cond" truecount="0" falsecount="4"/>
          <line num="278" count="0" type="stmt"/>
          <line num="285" count="0" type="stmt"/>
          <line num="287" count="0" type="cond" truecount="0" falsecount="2"/>
          <line num="288" count="0" type="stmt"/>
        </file>
        <file name="Day.svlt" path="/Users/freshwater/Git/calio/src/components/Day.svlt">
          <metrics statements="10" coveredstatements="10" conditionals="29" coveredconditionals="26" methods="3" coveredmethods="2"/>
          <line num="8" count="6" type="stmt"/>
          <line num="17" count="2170" type="stmt"/>
          <line num="28" count="2170" type="stmt"/>
          <line num="30" count="2170" type="stmt"/>
          <line num="34" count="2170" type="cond" truecount="5" falsecount="2"/>
          <line num="40" count="2170" type="cond" truecount="4" falsecount="0"/>
          <line num="41" count="175" type="stmt"/>
          <line num="43" count="175" type="cond" truecount="4" falsecount="0"/>
          <line num="44" count="70" type="cond" truecount="2" falsecount="0"/>
          <line num="48" count="2100" type="stmt"/>
        </file>
      </package>
      <package name="src.modules">
        <metrics statements="70" coveredstatements="70" conditionals="45" coveredconditionals="45" methods="25" coveredmethods="25"/>
        <file name="LilEpoch.js" path="/Users/freshwater/Git/calio/src/modules/LilEpoch.js">
          <metrics statements="53" coveredstatements="53" conditionals="30" coveredconditionals="30" methods="22" coveredmethods="22"/>
          <line num="6" count="1926" type="stmt"/>
          <line num="8" count="1926" type="cond" truecount="2" falsecount="0"/>
          <line num="9" count="42" type="cond" truecount="2" falsecount="0"/>
          <line num="10" count="1884" type="cond" truecount="2" falsecount="0"/>
          <line num="11" count="1" type="stmt"/>
          <line num="12" count="1883" type="cond" truecount="2" falsecount="0"/>
          <line num="13" count="2" type="stmt"/>
          <line num="14" count="1881" type="cond" truecount="2" falsecount="0"/>
          <line num="15" count="1835" type="stmt"/>
          <line num="17" count="46" type="stmt"/>
          <line num="20" count="1926" type="stmt"/>
          <line num="21" count="1926" type="stmt"/>
          <line num="22" count="1926" type="stmt"/>
          <line num="23" count="1926" type="stmt"/>
          <line num="28" count="5938" type="cond" truecount="2" falsecount="0"/>
          <line num="29" count="8" type="stmt"/>
          <line num="31" count="8" type="stmt"/>
          <line num="34" count="5930" type="stmt"/>
          <line num="39" count="9745" type="cond" truecount="2" falsecount="0"/>
          <line num="40" count="2274" type="stmt"/>
          <line num="42" count="2274" type="stmt"/>
          <line num="45" count="7471" type="stmt"/>
          <line num="50" count="12136" type="cond" truecount="2" falsecount="0"/>
          <line num="51" count="6239" type="stmt"/>
          <line num="53" count="6239" type="stmt"/>
          <line num="56" count="5897" type="stmt"/>
          <line num="60" count="2" type="stmt"/>
          <line num="62" count="2" type="stmt"/>
          <line num="66" count="2271" type="stmt"/>
          <line num="68" count="2271" type="stmt"/>
          <line num="72" count="4" type="stmt"/>
          <line num="74" count="4" type="stmt"/>
          <line num="78" count="2" type="stmt"/>
          <line num="80" count="2" type="stmt"/>
          <line num="84" count="2" type="stmt"/>
          <line num="86" count="2" type="stmt"/>
          <line num="90" count="2" type="stmt"/>
          <line num="92" count="2" type="stmt"/>
          <line num="96" count="99" type="stmt"/>
          <line num="100" count="2220" type="stmt"/>
          <line num="101" count="2220" type="stmt"/>
          <line num="103" count="2220" type="stmt"/>
          <line num="107" count="2270" type="stmt"/>
          <line num="109" count="2270" type="stmt"/>
          <line num="113" count="2312" type="stmt"/>
          <line num="117" count="2312" type="stmt"/>
          <line num="121" count="2949" type="cond" truecount="3" falsecount="0"/>
          <line num="127" count="7" type="cond" truecount="2" falsecount="0"/>
          <line num="132" count="2" type="stmt"/>
          <line num="136" count="1847" type="stmt"/>
          <line num="140" count="1" type="stmt"/>
          <line num="144" count="1832" type="stmt"/>
          <line num="148" count="1" type="stmt"/>
        </file>
        <file name="format.js" path="/Users/freshwater/Git/calio/src/modules/format.js">
          <metrics statements="17" coveredstatements="17" conditionals="15" coveredconditionals="15" methods="3" coveredmethods="3"/>
          <line num="1" count="8" type="stmt"/>
          <line num="2" count="8" type="stmt"/>
          <line num="26" count="24" type="stmt"/>
          <line num="27" count="24" type="stmt"/>
          <line num="28" count="11" type="stmt"/>
          <line num="31" count="24" type="stmt"/>
          <line num="36" count="12" type="cond" truecount="4" falsecount="0"/>
          <line num="37" count="1" type="stmt"/>
          <line num="40" count="12" type="cond" truecount="2" falsecount="0"/>
          <line num="41" count="12" type="cond" truecount="3" falsecount="0"/>
          <line num="43" count="12" type="stmt"/>
          <line num="44" count="12" type="stmt"/>
          <line num="45" count="12" type="stmt"/>
          <line num="46" count="12" type="stmt"/>
          <line num="47" count="12" type="stmt"/>
          <line num="61" count="12" type="stmt"/>
          <line num="62" count="59" type="cond" truecount="2" falsecount="0"/>
        </file>
      </package>
    </metrics>
  </project>
</coverage>
