{"/Users/freshwater/Git/calio/src/index.js": {"path":"/Users/freshwater/Git/calio/src/index.js","statementMap":{"0":{"start":{"line":5,"column":23},"end":{"line":7,"column":16}},"1":{"start":{"line":9,"column":8},"end":{"line":12,"column":11}}},"fnMap":{"0":{"name":"(anonymous_0)","decl":{"start":{"line":4,"column":4},"end":{"line":4,"column":5}},"loc":{"start":{"line":4,"column":26},"end":{"line":13,"column":5}},"line":4}},"branchMap":{"0":{"loc":{"start":{"line":5,"column":23},"end":{"line":7,"column":16}},"type":"cond-expr","locations":[{"start":{"line":6,"column":14},"end":{"line":6,"column":40}},{"start":{"line":7,"column":14},"end":{"line":7,"column":16}}],"line":5}},"s":{"0":3,"1":3},"f":{"0":3},"b":{"0":[1,2]},"_coverageSchema":"332fd63041d2c1bcb487cc26dd0d5f7d97098a6c","hash":"c9313d19ee6e7380d501d5a1684e731a2d5f5294"}
,"/Users/freshwater/Git/calio/src/components/Calio.svlt": {"path":"/Users/freshwater/Git/calio/src/components/Calio.svlt","statementMap":{"0":{"start":{"line":14,"column":18},"end":{"line":14,"column":32}},"1":{"start":{"line":85,"column":16},"end":{"line":85,"column":67}},"2":{"start":{"line":89,"column":16},"end":{"line":91,"column":25}},"3":{"start":{"line":90,"column":64},"end":{"line":90,"column":79}},"4":{"start":{"line":95,"column":30},"end":{"line":95,"column":57}},"5":{"start":{"line":96,"column":28},"end":{"line":96,"column":30}},"6":{"start":{"line":100,"column":16},"end":{"line":102,"column":17}},"7":{"start":{"line":101,"column":20},"end":{"line":101,"column":30}},"8":{"start":{"line":104,"column":16},"end":{"line":104,"column":49}},"9":{"start":{"line":106,"column":16},"end":{"line":108,"column":17}},"10":{"start":{"line":107,"column":20},"end":{"line":107,"column":60}},"11":{"start":{"line":110,"column":16},"end":{"line":110,"column":37}},"12":{"start":{"line":112,"column":16},"end":{"line":114,"column":17}},"13":{"start":{"line":113,"column":20},"end":{"line":113,"column":56}},"14":{"start":{"line":116,"column":16},"end":{"line":116,"column":48}},"15":{"start":{"line":117,"column":16},"end":{"line":117,"column":50}},"16":{"start":{"line":119,"column":16},"end":{"line":121,"column":17}},"17":{"start":{"line":120,"column":20},"end":{"line":120,"column":56}},"18":{"start":{"line":123,"column":16},"end":{"line":123,"column":29}},"19":{"start":{"line":22,"column":12},"end":{"line":33,"column":14}},"20":{"start":{"line":127,"column":17},"end":{"line":293,"column":9}},"21":{"start":{"line":130,"column":16},"end":{"line":134,"column":27}},"22":{"start":{"line":138,"column":31},"end":{"line":138,"column":41}},"23":{"start":{"line":140,"column":16},"end":{"line":140,"column":42}},"24":{"start":{"line":142,"column":16},"end":{"line":154,"column":17}},"25":{"start":{"line":143,"column":20},"end":{"line":153,"column":21}},"26":{"start":{"line":145,"column":24},"end":{"line":145,"column":46}},"27":{"start":{"line":146,"column":24},"end":{"line":146,"column":30}},"28":{"start":{"line":148,"column":24},"end":{"line":148,"column":46}},"29":{"start":{"line":149,"column":24},"end":{"line":149,"column":30}},"30":{"start":{"line":151,"column":24},"end":{"line":151,"column":47}},"31":{"start":{"line":152,"column":24},"end":{"line":152,"column":30}},"32":{"start":{"line":158,"column":52},"end":{"line":158,"column":62}},"33":{"start":{"line":161,"column":16},"end":{"line":161,"column":44}},"34":{"start":{"line":162,"column":16},"end":{"line":162,"column":64}},"35":{"start":{"line":162,"column":49},"end":{"line":162,"column":62}},"36":{"start":{"line":164,"column":16},"end":{"line":192,"column":17}},"37":{"start":{"line":165,"column":20},"end":{"line":165,"column":47}},"38":{"start":{"line":166,"column":20},"end":{"line":166,"column":42}},"39":{"start":{"line":167,"column":23},"end":{"line":192,"column":17}},"40":{"start":{"line":168,"column":20},"end":{"line":170,"column":23}},"41":{"start":{"line":172,"column":20},"end":{"line":172,"column":60}},"42":{"start":{"line":174,"column":20},"end":{"line":176,"column":23}},"43":{"start":{"line":175,"column":24},"end":{"line":175,"column":61}},"44":{"start":{"line":178,"column":20},"end":{"line":187,"column":21}},"45":{"start":{"line":179,"column":43},"end":{"line":179,"column":52}},"46":{"start":{"line":180,"column":40},"end":{"line":182,"column":30}},"47":{"start":{"line":181,"column":32},"end":{"line":181,"column":75}},"48":{"start":{"line":184,"column":24},"end":{"line":186,"column":25}},"49":{"start":{"line":185,"column":28},"end":{"line":185,"column":35}},"50":{"start":{"line":189,"column":20},"end":{"line":191,"column":23}},"51":{"start":{"line":196,"column":41},"end":{"line":196,"column":51}},"52":{"start":{"line":199,"column":16},"end":{"line":199,"column":44}},"53":{"start":{"line":200,"column":16},"end":{"line":200,"column":64}},"54":{"start":{"line":200,"column":49},"end":{"line":200,"column":62}},"55":{"start":{"line":202,"column":16},"end":{"line":211,"column":17}},"56":{"start":{"line":203,"column":20},"end":{"line":203,"column":47}},"57":{"start":{"line":204,"column":20},"end":{"line":204,"column":42}},"58":{"start":{"line":205,"column":23},"end":{"line":211,"column":17}},"59":{"start":{"line":206,"column":20},"end":{"line":210,"column":23}},"60":{"start":{"line":208,"column":28},"end":{"line":208,"column":65}},"61":{"start":{"line":215,"column":16},"end":{"line":217,"column":19}},"62":{"start":{"line":221,"column":31},"end":{"line":221,"column":41}},"63":{"start":{"line":223,"column":16},"end":{"line":225,"column":19}},"64":{"start":{"line":229,"column":31},"end":{"line":229,"column":41}},"65":{"start":{"line":231,"column":16},"end":{"line":233,"column":19}},"66":{"start":{"line":237,"column":31},"end":{"line":237,"column":41}},"67":{"start":{"line":239,"column":16},"end":{"line":241,"column":19}},"68":{"start":{"line":245,"column":31},"end":{"line":245,"column":41}},"69":{"start":{"line":247,"column":16},"end":{"line":249,"column":19}},"70":{"start":{"line":253,"column":31},"end":{"line":253,"column":41}},"71":{"start":{"line":255,"column":16},"end":{"line":257,"column":19}},"72":{"start":{"line":261,"column":31},"end":{"line":261,"column":41}},"73":{"start":{"line":263,"column":16},"end":{"line":265,"column":19}},"74":{"start":{"line":269,"column":16},"end":{"line":271,"column":19}},"75":{"start":{"line":275,"column":42},"end":{"line":275,"column":52}},"76":{"start":{"line":277,"column":16},"end":{"line":281,"column":17}},"77":{"start":{"line":278,"column":20},"end":{"line":280,"column":23}},"78":{"start":{"line":285,"column":16},"end":{"line":285,"column":42}},"79":{"start":{"line":287,"column":16},"end":{"line":291,"column":17}},"80":{"start":{"line":288,"column":20},"end":{"line":290,"column":23}},"81":{"start":{"line":37,"column":48},"end":{"line":37,"column":58}},"82":{"start":{"line":39,"column":12},"end":{"line":46,"column":15}},"83":{"start":{"line":48,"column":12},"end":{"line":48,"column":67}},"84":{"start":{"line":48,"column":51},"end":{"line":48,"column":65}},"85":{"start":{"line":54,"column":12},"end":{"line":56,"column":13}},"86":{"start":{"line":55,"column":16},"end":{"line":55,"column":56}},"87":{"start":{"line":58,"column":12},"end":{"line":71,"column":13}},"88":{"start":{"line":60,"column":16},"end":{"line":70,"column":17}},"89":{"start":{"line":61,"column":20},"end":{"line":61,"column":59}},"90":{"start":{"line":63,"column":20},"end":{"line":67,"column":21}},"91":{"start":{"line":64,"column":24},"end":{"line":64,"column":49}},"92":{"start":{"line":65,"column":24},"end":{"line":65,"column":41}},"93":{"start":{"line":66,"column":24},"end":{"line":66,"column":64}},"94":{"start":{"line":69,"column":20},"end":{"line":69,"column":71}},"95":{"start":{"line":69,"column":59},"end":{"line":69,"column":68}},"96":{"start":{"line":73,"column":12},"end":{"line":79,"column":13}},"97":{"start":{"line":74,"column":34},"end":{"line":74,"column":55}},"98":{"start":{"line":76,"column":16},"end":{"line":76,"column":41}},"99":{"start":{"line":77,"column":16},"end":{"line":77,"column":44}},"100":{"start":{"line":78,"column":16},"end":{"line":78,"column":56}}},"fnMap":{"0":{"name":"props","decl":{"start":{"line":16,"column":0},"end":{"line":84,"column":17}},"loc":{"start":{"line":84,"column":63},"end":{"line":86,"column":13}}},"1":{"name":"(anonymous_2)","decl":{"start":{"line":90,"column":54},"end":{"line":90,"column":55}},"loc":{"start":{"line":90,"column":64},"end":{"line":90,"column":79}}},"2":{"name":"(anonymous_5)","decl":{"start":{"line":162,"column":44},"end":{"line":162,"column":45}},"loc":{"start":{"line":162,"column":49},"end":{"line":162,"column":62}}},"3":{"name":"(anonymous_6)","decl":{"start":{"line":174,"column":47},"end":{"line":174,"column":48}},"loc":{"start":{"line":174,"column":57},"end":{"line":176,"column":21}}},"4":{"name":"(anonymous_7)","decl":{"start":{"line":180,"column":63},"end":{"line":180,"column":64}},"loc":{"start":{"line":180,"column":68},"end":{"line":182,"column":29}}},"5":{"name":"(anonymous_8)","decl":{"start":{"line":200,"column":44},"end":{"line":200,"column":45}},"loc":{"start":{"line":200,"column":49},"end":{"line":200,"column":62}}},"6":{"name":"(anonymous_9)","decl":{"start":{"line":207,"column":68},"end":{"line":207,"column":69}},"loc":{"start":{"line":207,"column":78},"end":{"line":209,"column":25}}},"7":{"name":"(anonymous_11)","decl":{"start":{"line":48,"column":46},"end":{"line":48,"column":47}},"loc":{"start":{"line":48,"column":51},"end":{"line":48,"column":65}}},"8":{"name":"(anonymous_13)","decl":{"start":{"line":69,"column":54},"end":{"line":69,"column":55}},"loc":{"start":{"line":69,"column":59},"end":{"line":69,"column":68}}}},"branchMap":{"0":{"loc":{"start":{"line":90,"column":22},"end":{"line":90,"column":80}},"type":"cond-expr","locations":[{"start":{"line":90,"column":22},"end":{"line":90,"column":80}},{"start":{"line":91,"column":22},"end":{"line":91,"column":24}}]},"1":{"loc":{"start":{"line":90,"column":64},"end":{"line":90,"column":74}},"type":"binary-expr","locations":[{"start":{"line":90,"column":64},"end":{"line":90,"column":74}},{"start":{"line":90,"column":78},"end":{"line":90,"column":79}}]},"2":{"loc":{"start":{"line":100,"column":16},"end":{"line":102,"column":17}},"type":"if","locations":[{"start":{"line":100,"column":16},"end":{"line":102,"column":17}},{"start":{"line":100,"column":16},"end":{"line":102,"column":17}}]},"3":{"loc":{"start":{"line":129,"column":28},"end":{"line":129,"column":32}},"type":"default-arg","locations":[{"start":{"line":129,"column":28},"end":{"line":129,"column":32}}]},"4":{"loc":{"start":{"line":131,"column":22},"end":{"line":133,"column":70}},"type":"cond-expr","locations":[{"start":{"line":131,"column":22},"end":{"line":133,"column":70}},{"start":{"line":134,"column":22},"end":{"line":134,"column":26}}]},"5":{"loc":{"start":{"line":132,"column":26},"end":{"line":132,"column":29}},"type":"cond-expr","locations":[{"start":{"line":132,"column":26},"end":{"line":132,"column":29}},{"start":{"line":132,"column":32},"end":{"line":133,"column":70}}]},"6":{"loc":{"start":{"line":133,"column":30},"end":{"line":133,"column":50}},"type":"cond-expr","locations":[{"start":{"line":133,"column":30},"end":{"line":133,"column":50}},{"start":{"line":133,"column":53},"end":{"line":133,"column":70}}]},"7":{"loc":{"start":{"line":142,"column":16},"end":{"line":154,"column":17}},"type":"if","locations":[{"start":{"line":142,"column":16},"end":{"line":154,"column":17}},{"start":{"line":142,"column":16},"end":{"line":154,"column":17}}]},"8":{"loc":{"start":{"line":144,"column":20},"end":{"line":146,"column":30}},"type":"switch","locations":[{"start":{"line":144,"column":20},"end":{"line":146,"column":30}},{"start":{"line":147,"column":20},"end":{"line":149,"column":30}},{"start":{"line":150,"column":20},"end":{"line":152,"column":30}}]},"9":{"loc":{"start":{"line":161,"column":28},"end":{"line":161,"column":37}},"type":"binary-expr","locations":[{"start":{"line":161,"column":28},"end":{"line":161,"column":37}},{"start":{"line":161,"column":41},"end":{"line":161,"column":43}}]},"10":{"loc":{"start":{"line":164,"column":16},"end":{"line":192,"column":17}},"type":"if","locations":[{"start":{"line":164,"column":16},"end":{"line":192,"column":17}},{"start":{"line":164,"column":16},"end":{"line":192,"column":17}}]},"11":{"loc":{"start":{"line":167,"column":23},"end":{"line":192,"column":17}},"type":"if","locations":[{"start":{"line":167,"column":23},"end":{"line":192,"column":17}},{"start":{"line":167,"column":23},"end":{"line":192,"column":17}}]},"12":{"loc":{"start":{"line":178,"column":20},"end":{"line":187,"column":21}},"type":"if","locations":[{"start":{"line":178,"column":20},"end":{"line":187,"column":21}},{"start":{"line":178,"column":20},"end":{"line":187,"column":21}}]},"13":{"loc":{"start":{"line":180,"column":40},"end":{"line":180,"column":43}},"type":"binary-expr","locations":[{"start":{"line":180,"column":40},"end":{"line":180,"column":43}},{"start":{"line":180,"column":47},"end":{"line":182,"column":30}}]},"14":{"loc":{"start":{"line":181,"column":39},"end":{"line":181,"column":55}},"type":"binary-expr","locations":[{"start":{"line":181,"column":39},"end":{"line":181,"column":55}},{"start":{"line":181,"column":59},"end":{"line":181,"column":74}}]},"15":{"loc":{"start":{"line":184,"column":24},"end":{"line":186,"column":25}},"type":"if","locations":[{"start":{"line":184,"column":24},"end":{"line":186,"column":25}},{"start":{"line":184,"column":24},"end":{"line":186,"column":25}}]},"16":{"loc":{"start":{"line":199,"column":28},"end":{"line":199,"column":37}},"type":"binary-expr","locations":[{"start":{"line":199,"column":28},"end":{"line":199,"column":37}},{"start":{"line":199,"column":41},"end":{"line":199,"column":43}}]},"17":{"loc":{"start":{"line":202,"column":16},"end":{"line":211,"column":17}},"type":"if","locations":[{"start":{"line":202,"column":16},"end":{"line":211,"column":17}},{"start":{"line":202,"column":16},"end":{"line":211,"column":17}}]},"18":{"loc":{"start":{"line":205,"column":23},"end":{"line":211,"column":17}},"type":"if","locations":[{"start":{"line":205,"column":23},"end":{"line":211,"column":17}},{"start":{"line":205,"column":23},"end":{"line":211,"column":17}}]},"19":{"loc":{"start":{"line":205,"column":27},"end":{"line":205,"column":33}},"type":"binary-expr","locations":[{"start":{"line":205,"column":27},"end":{"line":205,"column":33}},{"start":{"line":205,"column":37},"end":{"line":205,"column":61}}]},"20":{"loc":{"start":{"line":277,"column":16},"end":{"line":281,"column":17}},"type":"if","locations":[{"start":{"line":277,"column":16},"end":{"line":281,"column":17}},{"start":{"line":277,"column":16},"end":{"line":281,"column":17}}]},"21":{"loc":{"start":{"line":277,"column":20},"end":{"line":277,"column":37}},"type":"binary-expr","locations":[{"start":{"line":277,"column":20},"end":{"line":277,"column":37}},{"start":{"line":277,"column":41},"end":{"line":277,"column":50}}]},"22":{"loc":{"start":{"line":287,"column":16},"end":{"line":291,"column":17}},"type":"if","locations":[{"start":{"line":287,"column":16},"end":{"line":291,"column":17}},{"start":{"line":287,"column":16},"end":{"line":291,"column":17}}]},"23":{"loc":{"start":{"line":54,"column":12},"end":{"line":56,"column":13}},"type":"if","locations":[{"start":{"line":54,"column":12},"end":{"line":56,"column":13}},{"start":{"line":54,"column":12},"end":{"line":56,"column":13}}]},"24":{"loc":{"start":{"line":58,"column":12},"end":{"line":71,"column":13}},"type":"if","locations":[{"start":{"line":58,"column":12},"end":{"line":71,"column":13}},{"start":{"line":58,"column":12},"end":{"line":71,"column":13}}]},"25":{"loc":{"start":{"line":58,"column":16},"end":{"line":58,"column":24}},"type":"binary-expr","locations":[{"start":{"line":58,"column":16},"end":{"line":58,"column":24}},{"start":{"line":58,"column":28},"end":{"line":58,"column":37}},{"start":{"line":58,"column":41},"end":{"line":58,"column":58}}]},"26":{"loc":{"start":{"line":60,"column":16},"end":{"line":70,"column":17}},"type":"if","locations":[{"start":{"line":60,"column":16},"end":{"line":70,"column":17}},{"start":{"line":60,"column":16},"end":{"line":70,"column":17}}]},"27":{"loc":{"start":{"line":63,"column":20},"end":{"line":67,"column":21}},"type":"if","locations":[{"start":{"line":63,"column":20},"end":{"line":67,"column":21}},{"start":{"line":63,"column":20},"end":{"line":67,"column":21}}]},"28":{"loc":{"start":{"line":73,"column":12},"end":{"line":79,"column":13}},"type":"if","locations":[{"start":{"line":73,"column":12},"end":{"line":79,"column":13}},{"start":{"line":73,"column":12},"end":{"line":79,"column":13}}]},"29":{"loc":{"start":{"line":73,"column":16},"end":{"line":73,"column":24}},"type":"binary-expr","locations":[{"start":{"line":73,"column":16},"end":{"line":73,"column":24}},{"start":{"line":73,"column":28},"end":{"line":73,"column":41}}]}},"s":{"0":6,"1":63,"2":23,"3":154,"4":49,"5":49,"6":49,"7":1,"8":48,"9":48,"10":98,"11":48,"12":48,"13":1488,"14":48,"15":48,"16":48,"17":94,"18":48,"19":23,"20":6,"21":83,"22":34,"23":34,"24":34,"25":14,"26":5,"27":5,"28":4,"29":4,"30":5,"31":5,"32":5,"33":5,"34":5,"35":4,"36":5,"37":0,"38":0,"39":5,"40":1,"41":4,"42":4,"43":2,"44":4,"45":0,"46":0,"47":0,"48":0,"49":0,"50":4,"51":4,"52":4,"53":4,"54":3,"55":4,"56":0,"57":0,"58":4,"59":4,"60":4,"61":5,"62":0,"63":0,"64":0,"65":0,"66":0,"67":0,"68":0,"69":0,"70":0,"71":0,"72":0,"73":0,"74":0,"75":0,"76":0,"77":0,"78":0,"79":0,"80":0,"81":22,"82":22,"83":22,"84":22,"85":60,"86":23,"87":60,"88":14,"89":5,"90":5,"91":2,"92":2,"93":2,"94":9,"95":14,"96":60,"97":1,"98":1,"99":1,"100":1},"f":{"0":63,"1":154,"2":4,"3":2,"4":0,"5":3,"6":4,"7":22,"8":14},"b":{"0":[22,1],"1":[154,4],"2":[1,48],"3":[1],"4":[20,63],"5":[18,2],"6":[1,1],"7":[14,20],"8":[5,4,5],"9":[5,2],"10":[0,5],"11":[1,4],"12":[0,4],"13":[0,0],"14":[0,0],"15":[0,0],"16":[4,2],"17":[0,4],"18":[4,0],"19":[4,0],"20":[0,0],"21":[0,0],"22":[0,0],"23":[23,37],"24":[14,46],"25":[60,38,15],"26":[5,9],"27":[2,3],"28":[1,59],"29":[60,38]}}
,"/Users/freshwater/Git/calio/src/components/Day.svlt": {"path":"/Users/freshwater/Git/calio/src/components/Day.svlt","statementMap":{"0":{"start":{"line":8,"column":18},"end":{"line":8,"column":32}},"1":{"start":{"line":17,"column":16},"end":{"line":24,"column":44}},"2":{"start":{"line":28,"column":16},"end":{"line":28,"column":74}},"3":{"start":{"line":30,"column":16},"end":{"line":30,"column":58}},"4":{"start":{"line":30,"column":43},"end":{"line":30,"column":56}},"5":{"start":{"line":34,"column":16},"end":{"line":36,"column":49}},"6":{"start":{"line":34,"column":43},"end":{"line":34,"column":68}},"7":{"start":{"line":40,"column":16},"end":{"line":46,"column":17}},"8":{"start":{"line":41,"column":39},"end":{"line":41,"column":48}},"9":{"start":{"line":43,"column":20},"end":{"line":45,"column":21}},"10":{"start":{"line":44,"column":24},"end":{"line":44,"column":71}},"11":{"start":{"line":48,"column":16},"end":{"line":48,"column":29}}},"fnMap":{"0":{"name":"classes","decl":{"start":{"line":10,"column":0},"end":{"line":16,"column":19}},"loc":{"start":{"line":16,"column":74},"end":{"line":25,"column":13}}},"1":{"name":"(anonymous_2)","decl":{"start":{"line":30,"column":38},"end":{"line":30,"column":39}},"loc":{"start":{"line":30,"column":43},"end":{"line":30,"column":56}}},"2":{"name":"(anonymous_4)","decl":{"start":{"line":34,"column":38},"end":{"line":34,"column":39}},"loc":{"start":{"line":34,"column":43},"end":{"line":34,"column":68}}}},"branchMap":{"0":{"loc":{"start":{"line":18,"column":20},"end":{"line":18,"column":37}},"type":"binary-expr","locations":[{"start":{"line":18,"column":20},"end":{"line":18,"column":37}},{"start":{"line":18,"column":41},"end":{"line":18,"column":51}}]},"1":{"loc":{"start":{"line":19,"column":20},"end":{"line":19,"column":51}},"type":"binary-expr","locations":[{"start":{"line":19,"column":20},"end":{"line":19,"column":51}},{"start":{"line":19,"column":55},"end":{"line":19,"column":64}}]},"2":{"loc":{"start":{"line":20,"column":20},"end":{"line":20,"column":52}},"type":"binary-expr","locations":[{"start":{"line":20,"column":20},"end":{"line":20,"column":52}},{"start":{"line":20,"column":56},"end":{"line":20,"column":65}}]},"3":{"loc":{"start":{"line":21,"column":20},"end":{"line":21,"column":30}},"type":"binary-expr","locations":[{"start":{"line":21,"column":20},"end":{"line":21,"column":30}},{"start":{"line":21,"column":34},"end":{"line":21,"column":47}}]},"4":{"loc":{"start":{"line":22,"column":20},"end":{"line":22,"column":28}},"type":"binary-expr","locations":[{"start":{"line":22,"column":20},"end":{"line":22,"column":28}},{"start":{"line":22,"column":32},"end":{"line":22,"column":43}}]},"5":{"loc":{"start":{"line":23,"column":20},"end":{"line":23,"column":28}},"type":"binary-expr","locations":[{"start":{"line":23,"column":20},"end":{"line":23,"column":28}},{"start":{"line":23,"column":32},"end":{"line":23,"column":43}}]},"6":{"loc":{"start":{"line":34,"column":24},"end":{"line":34,"column":69}},"type":"binary-expr","locations":[{"start":{"line":34,"column":24},"end":{"line":34,"column":69}},{"start":{"line":35,"column":24},"end":{"line":35,"column":27}},{"start":{"line":35,"column":31},"end":{"line":35,"column":48}},{"start":{"line":36,"column":24},"end":{"line":36,"column":27}},{"start":{"line":36,"column":31},"end":{"line":36,"column":47}}]},"7":{"loc":{"start":{"line":34,"column":43},"end":{"line":34,"column":51}},"type":"binary-expr","locations":[{"start":{"line":34,"column":43},"end":{"line":34,"column":51}},{"start":{"line":34,"column":55},"end":{"line":34,"column":68}}]},"8":{"loc":{"start":{"line":40,"column":16},"end":{"line":46,"column":17}},"type":"if","locations":[{"start":{"line":40,"column":16},"end":{"line":46,"column":17}},{"start":{"line":40,"column":16},"end":{"line":46,"column":17}}]},"9":{"loc":{"start":{"line":40,"column":20},"end":{"line":40,"column":36}},"type":"binary-expr","locations":[{"start":{"line":40,"column":20},"end":{"line":40,"column":36}},{"start":{"line":40,"column":40},"end":{"line":40,"column":49}}]},"10":{"loc":{"start":{"line":43,"column":20},"end":{"line":45,"column":21}},"type":"if","locations":[{"start":{"line":43,"column":20},"end":{"line":45,"column":21}},{"start":{"line":43,"column":20},"end":{"line":45,"column":21}}]},"11":{"loc":{"start":{"line":43,"column":24},"end":{"line":43,"column":29}},"type":"binary-expr","locations":[{"start":{"line":43,"column":24},"end":{"line":43,"column":29}},{"start":{"line":43,"column":33},"end":{"line":43,"column":36}}]},"12":{"loc":{"start":{"line":44,"column":31},"end":{"line":44,"column":49}},"type":"binary-expr","locations":[{"start":{"line":44,"column":31},"end":{"line":44,"column":49}},{"start":{"line":44,"column":53},"end":{"line":44,"column":70}}]}},"s":{"0":6,"1":2170,"2":2170,"3":2170,"4":770,"5":2170,"6":0,"7":2170,"8":175,"9":175,"10":70,"11":2100},"f":{"0":2170,"1":770,"2":0},"b":{"0":[2170,58],"1":[2170,120],"2":[2170,128],"3":[2170,68],"4":[2170,0],"5":[2170,9],"6":[2170,2170,70,2150,70],"7":[0,0],"8":[175,1995],"9":[2170,315],"10":[70,105],"11":[175,175],"12":[70,70]}}
,"/Users/freshwater/Git/calio/src/modules/LilEpoch.js": {"path":"/Users/freshwater/Git/calio/src/modules/LilEpoch.js","statementMap":{"0":{"start":{"line":6,"column":26},"end":{"line":6,"column":30}},"1":{"start":{"line":8,"column":8},"end":{"line":18,"column":9}},"2":{"start":{"line":9,"column":12},"end":{"line":9,"column":48}},"3":{"start":{"line":10,"column":15},"end":{"line":18,"column":9}},"4":{"start":{"line":11,"column":12},"end":{"line":11,"column":41}},"5":{"start":{"line":12,"column":15},"end":{"line":18,"column":9}},"6":{"start":{"line":13,"column":12},"end":{"line":13,"column":27}},"7":{"start":{"line":14,"column":15},"end":{"line":18,"column":9}},"8":{"start":{"line":15,"column":12},"end":{"line":15,"column":37}},"9":{"start":{"line":17,"column":12},"end":{"line":17,"column":36}},"10":{"start":{"line":20,"column":8},"end":{"line":20,"column":34}},"11":{"start":{"line":21,"column":8},"end":{"line":21,"column":36}},"12":{"start":{"line":22,"column":8},"end":{"line":22,"column":36}},"13":{"start":{"line":23,"column":8},"end":{"line":23,"column":41}},"14":{"start":{"line":28,"column":8},"end":{"line":32,"column":9}},"15":{"start":{"line":29,"column":12},"end":{"line":29,"column":41}},"16":{"start":{"line":31,"column":12},"end":{"line":31,"column":24}},"17":{"start":{"line":34,"column":8},"end":{"line":34,"column":43}},"18":{"start":{"line":39,"column":8},"end":{"line":43,"column":9}},"19":{"start":{"line":40,"column":12},"end":{"line":40,"column":38}},"20":{"start":{"line":42,"column":12},"end":{"line":42,"column":24}},"21":{"start":{"line":45,"column":8},"end":{"line":45,"column":40}},"22":{"start":{"line":50,"column":8},"end":{"line":54,"column":9}},"23":{"start":{"line":51,"column":12},"end":{"line":51,"column":37}},"24":{"start":{"line":53,"column":12},"end":{"line":53,"column":24}},"25":{"start":{"line":56,"column":8},"end":{"line":56,"column":39}},"26":{"start":{"line":60,"column":8},"end":{"line":60,"column":35}},"27":{"start":{"line":62,"column":8},"end":{"line":62,"column":20}},"28":{"start":{"line":66,"column":8},"end":{"line":66,"column":37}},"29":{"start":{"line":68,"column":8},"end":{"line":68,"column":20}},"30":{"start":{"line":72,"column":8},"end":{"line":72,"column":35}},"31":{"start":{"line":74,"column":8},"end":{"line":74,"column":20}},"32":{"start":{"line":78,"column":8},"end":{"line":78,"column":35}},"33":{"start":{"line":80,"column":8},"end":{"line":80,"column":20}},"34":{"start":{"line":84,"column":8},"end":{"line":84,"column":37}},"35":{"start":{"line":86,"column":8},"end":{"line":86,"column":20}},"36":{"start":{"line":90,"column":8},"end":{"line":90,"column":35}},"37":{"start":{"line":92,"column":8},"end":{"line":92,"column":20}},"38":{"start":{"line":96,"column":8},"end":{"line":96,"column":38}},"39":{"start":{"line":100,"column":8},"end":{"line":100,"column":24}},"40":{"start":{"line":101,"column":8},"end":{"line":101,"column":21}},"41":{"start":{"line":103,"column":8},"end":{"line":103,"column":20}},"42":{"start":{"line":107,"column":8},"end":{"line":107,"column":21}},"43":{"start":{"line":109,"column":8},"end":{"line":109,"column":20}},"44":{"start":{"line":113,"column":8},"end":{"line":113,"column":38}},"45":{"start":{"line":117,"column":8},"end":{"line":117,"column":38}},"46":{"start":{"line":121,"column":8},"end":{"line":123,"column":42}},"47":{"start":{"line":127,"column":8},"end":{"line":128,"column":44}},"48":{"start":{"line":132,"column":8},"end":{"line":132,"column":42}},"49":{"start":{"line":136,"column":8},"end":{"line":136,"column":36}},"50":{"start":{"line":140,"column":8},"end":{"line":140,"column":52}},"51":{"start":{"line":144,"column":8},"end":{"line":144,"column":46}},"52":{"start":{"line":148,"column":8},"end":{"line":148,"column":37}}},"fnMap":{"0":{"name":"(anonymous_0)","decl":{"start":{"line":5,"column":4},"end":{"line":5,"column":5}},"loc":{"start":{"line":5,"column":25},"end":{"line":24,"column":5}},"line":5},"1":{"name":"(anonymous_1)","decl":{"start":{"line":26,"column":4},"end":{"line":26,"column":5}},"loc":{"start":{"line":26,"column":19},"end":{"line":35,"column":5}},"line":26},"2":{"name":"(anonymous_2)","decl":{"start":{"line":37,"column":4},"end":{"line":37,"column":5}},"loc":{"start":{"line":37,"column":20},"end":{"line":46,"column":5}},"line":37},"3":{"name":"(anonymous_3)","decl":{"start":{"line":48,"column":4},"end":{"line":48,"column":5}},"loc":{"start":{"line":48,"column":19},"end":{"line":57,"column":5}},"line":48},"4":{"name":"(anonymous_4)","decl":{"start":{"line":59,"column":4},"end":{"line":59,"column":5}},"loc":{"start":{"line":59,"column":18},"end":{"line":63,"column":5}},"line":59},"5":{"name":"(anonymous_5)","decl":{"start":{"line":65,"column":4},"end":{"line":65,"column":5}},"loc":{"start":{"line":65,"column":20},"end":{"line":69,"column":5}},"line":65},"6":{"name":"(anonymous_6)","decl":{"start":{"line":71,"column":4},"end":{"line":71,"column":5}},"loc":{"start":{"line":71,"column":19},"end":{"line":75,"column":5}},"line":71},"7":{"name":"(anonymous_7)","decl":{"start":{"line":77,"column":4},"end":{"line":77,"column":5}},"loc":{"start":{"line":77,"column":18},"end":{"line":81,"column":5}},"line":77},"8":{"name":"(anonymous_8)","decl":{"start":{"line":83,"column":4},"end":{"line":83,"column":5}},"loc":{"start":{"line":83,"column":20},"end":{"line":87,"column":5}},"line":83},"9":{"name":"(anonymous_9)","decl":{"start":{"line":89,"column":4},"end":{"line":89,"column":5}},"loc":{"start":{"line":89,"column":19},"end":{"line":93,"column":5}},"line":89},"10":{"name":"(anonymous_10)","decl":{"start":{"line":95,"column":4},"end":{"line":95,"column":5}},"loc":{"start":{"line":95,"column":16},"end":{"line":97,"column":5}},"line":95},"11":{"name":"(anonymous_11)","decl":{"start":{"line":99,"column":4},"end":{"line":99,"column":5}},"loc":{"start":{"line":99,"column":17},"end":{"line":104,"column":5}},"line":99},"12":{"name":"(anonymous_12)","decl":{"start":{"line":106,"column":4},"end":{"line":106,"column":5}},"loc":{"start":{"line":106,"column":19},"end":{"line":110,"column":5}},"line":106},"13":{"name":"(anonymous_13)","decl":{"start":{"line":112,"column":4},"end":{"line":112,"column":5}},"loc":{"start":{"line":112,"column":17},"end":{"line":114,"column":5}},"line":112},"14":{"name":"(anonymous_14)","decl":{"start":{"line":116,"column":4},"end":{"line":116,"column":5}},"loc":{"start":{"line":116,"column":18},"end":{"line":118,"column":5}},"line":116},"15":{"name":"(anonymous_15)","decl":{"start":{"line":120,"column":4},"end":{"line":120,"column":5}},"loc":{"start":{"line":120,"column":16},"end":{"line":124,"column":5}},"line":120},"16":{"name":"(anonymous_16)","decl":{"start":{"line":126,"column":4},"end":{"line":126,"column":5}},"loc":{"start":{"line":126,"column":21},"end":{"line":129,"column":5}},"line":126},"17":{"name":"(anonymous_17)","decl":{"start":{"line":131,"column":4},"end":{"line":131,"column":5}},"loc":{"start":{"line":131,"column":20},"end":{"line":133,"column":5}},"line":131},"18":{"name":"(anonymous_18)","decl":{"start":{"line":135,"column":4},"end":{"line":135,"column":5}},"loc":{"start":{"line":135,"column":16},"end":{"line":137,"column":5}},"line":135},"19":{"name":"(anonymous_19)","decl":{"start":{"line":139,"column":4},"end":{"line":139,"column":5}},"loc":{"start":{"line":139,"column":17},"end":{"line":141,"column":5}},"line":139},"20":{"name":"(anonymous_20)","decl":{"start":{"line":143,"column":4},"end":{"line":143,"column":5}},"loc":{"start":{"line":143,"column":12},"end":{"line":145,"column":5}},"line":143},"21":{"name":"(anonymous_21)","decl":{"start":{"line":147,"column":4},"end":{"line":147,"column":5}},"loc":{"start":{"line":147,"column":15},"end":{"line":149,"column":5}},"line":147}},"branchMap":{"0":{"loc":{"start":{"line":8,"column":8},"end":{"line":18,"column":9}},"type":"if","locations":[{"start":{"line":8,"column":8},"end":{"line":18,"column":9}},{"start":{"line":8,"column":8},"end":{"line":18,"column":9}}],"line":8},"1":{"loc":{"start":{"line":9,"column":40},"end":{"line":9,"column":46}},"type":"binary-expr","locations":[{"start":{"line":9,"column":40},"end":{"line":9,"column":41}},{"start":{"line":9,"column":45},"end":{"line":9,"column":46}}],"line":9},"2":{"loc":{"start":{"line":10,"column":15},"end":{"line":18,"column":9}},"type":"if","locations":[{"start":{"line":10,"column":15},"end":{"line":18,"column":9}},{"start":{"line":10,"column":15},"end":{"line":18,"column":9}}],"line":10},"3":{"loc":{"start":{"line":12,"column":15},"end":{"line":18,"column":9}},"type":"if","locations":[{"start":{"line":12,"column":15},"end":{"line":18,"column":9}},{"start":{"line":12,"column":15},"end":{"line":18,"column":9}}],"line":12},"4":{"loc":{"start":{"line":14,"column":15},"end":{"line":18,"column":9}},"type":"if","locations":[{"start":{"line":14,"column":15},"end":{"line":18,"column":9}},{"start":{"line":14,"column":15},"end":{"line":18,"column":9}}],"line":14},"5":{"loc":{"start":{"line":26,"column":9},"end":{"line":26,"column":17}},"type":"default-arg","locations":[{"start":{"line":26,"column":13},"end":{"line":26,"column":17}}],"line":26},"6":{"loc":{"start":{"line":28,"column":8},"end":{"line":32,"column":9}},"type":"if","locations":[{"start":{"line":28,"column":8},"end":{"line":32,"column":9}},{"start":{"line":28,"column":8},"end":{"line":32,"column":9}}],"line":28},"7":{"loc":{"start":{"line":37,"column":10},"end":{"line":37,"column":18}},"type":"default-arg","locations":[{"start":{"line":37,"column":14},"end":{"line":37,"column":18}}],"line":37},"8":{"loc":{"start":{"line":39,"column":8},"end":{"line":43,"column":9}},"type":"if","locations":[{"start":{"line":39,"column":8},"end":{"line":43,"column":9}},{"start":{"line":39,"column":8},"end":{"line":43,"column":9}}],"line":39},"9":{"loc":{"start":{"line":48,"column":9},"end":{"line":48,"column":17}},"type":"default-arg","locations":[{"start":{"line":48,"column":13},"end":{"line":48,"column":17}}],"line":48},"10":{"loc":{"start":{"line":50,"column":8},"end":{"line":54,"column":9}},"type":"if","locations":[{"start":{"line":50,"column":8},"end":{"line":54,"column":9}},{"start":{"line":50,"column":8},"end":{"line":54,"column":9}}],"line":50},"11":{"loc":{"start":{"line":59,"column":11},"end":{"line":59,"column":16}},"type":"default-arg","locations":[{"start":{"line":59,"column":15},"end":{"line":59,"column":16}}],"line":59},"12":{"loc":{"start":{"line":65,"column":13},"end":{"line":65,"column":18}},"type":"default-arg","locations":[{"start":{"line":65,"column":17},"end":{"line":65,"column":18}}],"line":65},"13":{"loc":{"start":{"line":71,"column":12},"end":{"line":71,"column":17}},"type":"default-arg","locations":[{"start":{"line":71,"column":16},"end":{"line":71,"column":17}}],"line":71},"14":{"loc":{"start":{"line":77,"column":11},"end":{"line":77,"column":16}},"type":"default-arg","locations":[{"start":{"line":77,"column":15},"end":{"line":77,"column":16}}],"line":77},"15":{"loc":{"start":{"line":83,"column":13},"end":{"line":83,"column":18}},"type":"default-arg","locations":[{"start":{"line":83,"column":17},"end":{"line":83,"column":18}}],"line":83},"16":{"loc":{"start":{"line":89,"column":12},"end":{"line":89,"column":17}},"type":"default-arg","locations":[{"start":{"line":89,"column":16},"end":{"line":89,"column":17}}],"line":89},"17":{"loc":{"start":{"line":121,"column":15},"end":{"line":123,"column":41}},"type":"binary-expr","locations":[{"start":{"line":121,"column":15},"end":{"line":121,"column":41}},{"start":{"line":122,"column":15},"end":{"line":122,"column":43}},{"start":{"line":123,"column":15},"end":{"line":123,"column":41}}],"line":121},"18":{"loc":{"start":{"line":127,"column":15},"end":{"line":128,"column":43}},"type":"binary-expr","locations":[{"start":{"line":127,"column":15},"end":{"line":127,"column":41}},{"start":{"line":128,"column":15},"end":{"line":128,"column":43}}],"line":127}},"s":{"0":1926,"1":1926,"2":42,"3":1884,"4":1,"5":1883,"6":2,"7":1881,"8":1835,"9":46,"10":1926,"11":1926,"12":1926,"13":1926,"14":5938,"15":8,"16":8,"17":5930,"18":9745,"19":2274,"20":2274,"21":7471,"22":12136,"23":6239,"24":6239,"25":5897,"26":2,"27":2,"28":2271,"29":2271,"30":4,"31":4,"32":2,"33":2,"34":2,"35":2,"36":2,"37":2,"38":99,"39":2220,"40":2220,"41":2220,"42":2270,"43":2270,"44":2312,"45":2312,"46":2949,"47":7,"48":2,"49":1847,"50":1,"51":1832,"52":1},"f":{"0":1926,"1":5938,"2":9745,"3":12136,"4":2,"5":2271,"6":4,"7":2,"8":2,"9":2,"10":99,"11":2220,"12":2270,"13":2312,"14":2312,"15":2949,"16":7,"17":2,"18":1847,"19":1,"20":1832,"21":1},"b":{"0":[42,1884],"1":[42,9],"2":[1,1883],"3":[2,1881],"4":[1835,46],"5":[5930],"6":[8,5930],"7":[7471],"8":[2274,7471],"9":[5897],"10":[6239,5897],"11":[1],"12":[2270],"13":[3],"14":[1],"15":[1],"16":[1],"17":[2949,2591,2078],"18":[7,4]},"_coverageSchema":"332fd63041d2c1bcb487cc26dd0d5f7d97098a6c","hash":"a7b4d49227488405dc9ff9fc752f60be36fac8c0"}
,"/Users/freshwater/Git/calio/src/modules/format.js": {"path":"/Users/freshwater/Git/calio/src/modules/format.js","statementMap":{"0":{"start":{"line":1,"column":14},"end":{"line":1,"column":76}},"1":{"start":{"line":2,"column":16},"end":{"line":23,"column":1}},"2":{"start":{"line":26,"column":4},"end":{"line":26,"column":19}},"3":{"start":{"line":27,"column":4},"end":{"line":29,"column":5}},"4":{"start":{"line":28,"column":8},"end":{"line":28,"column":24}},"5":{"start":{"line":31,"column":4},"end":{"line":31,"column":15}},"6":{"start":{"line":36,"column":4},"end":{"line":38,"column":5}},"7":{"start":{"line":37,"column":8},"end":{"line":37,"column":32}},"8":{"start":{"line":40,"column":4},"end":{"line":40,"column":56}},"9":{"start":{"line":41,"column":4},"end":{"line":41,"column":69}},"10":{"start":{"line":43,"column":12},"end":{"line":43,"column":29}},"11":{"start":{"line":44,"column":12},"end":{"line":44,"column":28}},"12":{"start":{"line":45,"column":12},"end":{"line":45,"column":30}},"13":{"start":{"line":46,"column":12},"end":{"line":46,"column":33}},"14":{"start":{"line":47,"column":16},"end":{"line":59,"column":9}},"15":{"start":{"line":61,"column":4},"end":{"line":63,"column":7}},"16":{"start":{"line":62,"column":8},"end":{"line":62,"column":68}}},"fnMap":{"0":{"name":"pad","decl":{"start":{"line":25,"column":9},"end":{"line":25,"column":12}},"loc":{"start":{"line":25,"column":27},"end":{"line":32,"column":1}},"line":25},"1":{"name":"(anonymous_1)","decl":{"start":{"line":34,"column":15},"end":{"line":34,"column":16}},"loc":{"start":{"line":34,"column":48},"end":{"line":64,"column":1}},"line":34},"2":{"name":"(anonymous_2)","decl":{"start":{"line":61,"column":31},"end":{"line":61,"column":32}},"loc":{"start":{"line":61,"column":37},"end":{"line":63,"column":5}},"line":61}},"branchMap":{"0":{"loc":{"start":{"line":25,"column":18},"end":{"line":25,"column":25}},"type":"default-arg","locations":[{"start":{"line":25,"column":24},"end":{"line":25,"column":25}}],"line":25},"1":{"loc":{"start":{"line":34,"column":30},"end":{"line":34,"column":46}},"type":"default-arg","locations":[{"start":{"line":34,"column":37},"end":{"line":34,"column":46}}],"line":34},"2":{"loc":{"start":{"line":36,"column":4},"end":{"line":38,"column":5}},"type":"if","locations":[{"start":{"line":36,"column":4},"end":{"line":38,"column":5}},{"start":{"line":36,"column":4},"end":{"line":38,"column":5}}],"line":36},"3":{"loc":{"start":{"line":36,"column":8},"end":{"line":36,"column":55}},"type":"binary-expr","locations":[{"start":{"line":36,"column":8},"end":{"line":36,"column":32}},{"start":{"line":36,"column":36},"end":{"line":36,"column":55}}],"line":36},"4":{"loc":{"start":{"line":40,"column":11},"end":{"line":40,"column":55}},"type":"cond-expr","locations":[{"start":{"line":40,"column":34},"end":{"line":40,"column":38}},{"start":{"line":40,"column":41},"end":{"line":40,"column":55}}],"line":40},"5":{"loc":{"start":{"line":41,"column":14},"end":{"line":41,"column":66}},"type":"binary-expr","locations":[{"start":{"line":41,"column":14},"end":{"line":41,"column":33}},{"start":{"line":41,"column":37},"end":{"line":41,"column":41}},{"start":{"line":41,"column":45},"end":{"line":41,"column":66}}],"line":41},"6":{"loc":{"start":{"line":58,"column":40},"end":{"line":58,"column":91}},"type":"cond-expr","locations":[{"start":{"line":58,"column":53},"end":{"line":58,"column":54}},{"start":{"line":58,"column":57},"end":{"line":58,"column":91}}],"line":58},"7":{"loc":{"start":{"line":62,"column":15},"end":{"line":62,"column":67}},"type":"cond-expr","locations":[{"start":{"line":62,"column":29},"end":{"line":62,"column":38}},{"start":{"line":62,"column":41},"end":{"line":62,"column":67}}],"line":62}},"s":{"0":8,"1":8,"2":24,"3":24,"4":11,"5":24,"6":12,"7":1,"8":12,"9":12,"10":12,"11":12,"12":12,"13":12,"14":12,"15":12,"16":59},"f":{"0":24,"1":12,"2":59},"b":{"0":[24],"1":[2],"2":[1,11],"3":[12,11],"4":[10,2],"5":[12,3,1],"6":[1,11],"7":[56,3]},"_coverageSchema":"332fd63041d2c1bcb487cc26dd0d5f7d97098a6c","hash":"96efa1831733d2af5559d665fd162cdf2d36f978"}
}
