TN:
SF:/Users/freshwater/Git/calio/src/index.js
FN:4,(anonymous_0)
FNF:1
FNH:1
FNDA:3,(anonymous_0)
DA:5,3
DA:9,3
LF:2
LH:2
BRDA:5,0,0,1
BRDA:5,0,1,2
BRF:2
BRH:2
end_of_record
TN:
SF:/Users/freshwater/Git/calio/src/components/Calio.svlt
FN:16,props
FN:90,(anonymous_2)
FN:162,(anonymous_5)
FN:174,(anonymous_6)
FN:180,(anonymous_7)
FN:200,(anonymous_8)
FN:207,(anonymous_9)
FN:48,(anonymous_11)
FN:69,(anonymous_13)
FNF:9
FNH:8
FNDA:63,props
FNDA:154,(anonymous_2)
FNDA:4,(anonymous_5)
FNDA:2,(anonymous_6)
FNDA:0,(anonymous_7)
FNDA:3,(anonymous_8)
FNDA:4,(anonymous_9)
FNDA:22,(anonymous_11)
FNDA:14,(anonymous_13)
DA:14,6
DA:22,23
DA:37,22
DA:39,22
DA:48,22
DA:54,60
DA:55,23
DA:58,60
DA:60,14
DA:61,5
DA:63,5
DA:64,2
DA:65,2
DA:66,2
DA:69,14
DA:73,60
DA:74,1
DA:76,1
DA:77,1
DA:78,1
DA:85,63
DA:89,23
DA:90,154
DA:95,49
DA:96,49
DA:100,49
DA:101,1
DA:104,48
DA:106,48
DA:107,98
DA:110,48
DA:112,48
DA:113,1488
DA:116,48
DA:117,48
DA:119,48
DA:120,94
DA:123,48
DA:127,6
DA:130,83
DA:138,34
DA:140,34
DA:142,34
DA:143,14
DA:145,5
DA:146,5
DA:148,4
DA:149,4
DA:151,5
DA:152,5
DA:158,5
DA:161,5
DA:162,5
DA:164,5
DA:165,0
DA:166,0
DA:167,5
DA:168,1
DA:172,4
DA:174,4
DA:175,2
DA:178,4
DA:179,0
DA:180,0
DA:181,0
DA:184,0
DA:185,0
DA:189,4
DA:196,4
DA:199,4
DA:200,4
DA:202,4
DA:203,0
DA:204,0
DA:205,4
DA:206,4
DA:208,4
DA:215,5
DA:221,0
DA:223,0
DA:229,0
DA:231,0
DA:237,0
DA:239,0
DA:245,0
DA:247,0
DA:253,0
DA:255,0
DA:261,0
DA:263,0
DA:269,0
DA:275,0
DA:277,0
DA:278,0
DA:285,0
DA:287,0
DA:288,0
LF:97
LH:69
BRDA:90,0,0,22
BRDA:90,0,1,1
BRDA:90,1,0,154
BRDA:90,1,1,4
BRDA:100,2,0,1
BRDA:100,2,1,48
BRDA:129,3,0,1
BRDA:131,4,0,20
BRDA:131,4,1,63
BRDA:132,5,0,18
BRDA:132,5,1,2
BRDA:133,6,0,1
BRDA:133,6,1,1
BRDA:142,7,0,14
BRDA:142,7,1,20
BRDA:144,8,0,5
BRDA:144,8,1,4
BRDA:144,8,2,5
BRDA:161,9,0,5
BRDA:161,9,1,2
BRDA:164,10,0,0
BRDA:164,10,1,5
BRDA:167,11,0,1
BRDA:167,11,1,4
BRDA:178,12,0,0
BRDA:178,12,1,4
BRDA:180,13,0,0
BRDA:180,13,1,0
BRDA:181,14,0,0
BRDA:181,14,1,0
BRDA:184,15,0,0
BRDA:184,15,1,0
BRDA:199,16,0,4
BRDA:199,16,1,2
BRDA:202,17,0,0
BRDA:202,17,1,4
BRDA:205,18,0,4
BRDA:205,18,1,0
BRDA:205,19,0,4
BRDA:205,19,1,0
BRDA:277,20,0,0
BRDA:277,20,1,0
BRDA:277,21,0,0
BRDA:277,21,1,0
BRDA:287,22,0,0
BRDA:287,22,1,0
BRDA:54,23,0,23
BRDA:54,23,1,37
BRDA:58,24,0,14
BRDA:58,24,1,46
BRDA:58,25,0,60
BRDA:58,25,1,38
BRDA:58,25,2,15
BRDA:60,26,0,5
BRDA:60,26,1,9
BRDA:63,27,0,2
BRDA:63,27,1,3
BRDA:73,28,0,1
BRDA:73,28,1,59
BRDA:73,29,0,60
BRDA:73,29,1,38
BRF:61
BRH:44
end_of_record
TN:
SF:/Users/freshwater/Git/calio/src/components/Day.svlt
FN:10,classes
FN:30,(anonymous_2)
FN:34,(anonymous_4)
FNF:3
FNH:2
FNDA:2170,classes
FNDA:770,(anonymous_2)
FNDA:0,(anonymous_4)
DA:8,6
DA:17,2170
DA:28,2170
DA:30,2170
DA:34,2170
DA:40,2170
DA:41,175
DA:43,175
DA:44,70
DA:48,2100
LF:10
LH:10
BRDA:18,0,0,2170
BRDA:18,0,1,58
BRDA:19,1,0,2170
BRDA:19,1,1,120
BRDA:20,2,0,2170
BRDA:20,2,1,128
BRDA:21,3,0,2170
BRDA:21,3,1,68
BRDA:22,4,0,2170
BRDA:22,4,1,0
BRDA:23,5,0,2170
BRDA:23,5,1,9
BRDA:34,6,0,2170
BRDA:34,6,1,2170
BRDA:34,6,2,70
BRDA:34,6,3,2150
BRDA:34,6,4,70
BRDA:34,7,0,0
BRDA:34,7,1,0
BRDA:40,8,0,175
BRDA:40,8,1,1995
BRDA:40,9,0,2170
BRDA:40,9,1,315
BRDA:43,10,0,70
BRDA:43,10,1,105
BRDA:43,11,0,175
BRDA:43,11,1,175
BRDA:44,12,0,70
BRDA:44,12,1,70
BRF:29
BRH:26
end_of_record
TN:
SF:/Users/freshwater/Git/calio/src/modules/LilEpoch.js
FN:5,(anonymous_0)
FN:26,(anonymous_1)
FN:37,(anonymous_2)
FN:48,(anonymous_3)
FN:59,(anonymous_4)
FN:65,(anonymous_5)
FN:71,(anonymous_6)
FN:77,(anonymous_7)
FN:83,(anonymous_8)
FN:89,(anonymous_9)
FN:95,(anonymous_10)
FN:99,(anonymous_11)
FN:106,(anonymous_12)
FN:112,(anonymous_13)
FN:116,(anonymous_14)
FN:120,(anonymous_15)
FN:126,(anonymous_16)
FN:131,(anonymous_17)
FN:135,(anonymous_18)
FN:139,(anonymous_19)
FN:143,(anonymous_20)
FN:147,(anonymous_21)
FNF:22
FNH:22
FNDA:1926,(anonymous_0)
FNDA:5938,(anonymous_1)
FNDA:9745,(anonymous_2)
FNDA:12136,(anonymous_3)
FNDA:2,(anonymous_4)
FNDA:2271,(anonymous_5)
FNDA:4,(anonymous_6)
FNDA:2,(anonymous_7)
FNDA:2,(anonymous_8)
FNDA:2,(anonymous_9)
FNDA:99,(anonymous_10)
FNDA:2220,(anonymous_11)
FNDA:2270,(anonymous_12)
FNDA:2312,(anonymous_13)
FNDA:2312,(anonymous_14)
FNDA:2949,(anonymous_15)
FNDA:7,(anonymous_16)
FNDA:2,(anonymous_17)
FNDA:1847,(anonymous_18)
FNDA:1,(anonymous_19)
FNDA:1832,(anonymous_20)
FNDA:1,(anonymous_21)
DA:6,1926
DA:8,1926
DA:9,42
DA:10,1884
DA:11,1
DA:12,1883
DA:13,2
DA:14,1881
DA:15,1835
DA:17,46
DA:20,1926
DA:21,1926
DA:22,1926
DA:23,1926
DA:28,5938
DA:29,8
DA:31,8
DA:34,5930
DA:39,9745
DA:40,2274
DA:42,2274
DA:45,7471
DA:50,12136
DA:51,6239
DA:53,6239
DA:56,5897
DA:60,2
DA:62,2
DA:66,2271
DA:68,2271
DA:72,4
DA:74,4
DA:78,2
DA:80,2
DA:84,2
DA:86,2
DA:90,2
DA:92,2
DA:96,99
DA:100,2220
DA:101,2220
DA:103,2220
DA:107,2270
DA:109,2270
DA:113,2312
DA:117,2312
DA:121,2949
DA:127,7
DA:132,2
DA:136,1847
DA:140,1
DA:144,1832
DA:148,1
LF:53
LH:53
BRDA:8,0,0,42
BRDA:8,0,1,1884
BRDA:9,1,0,42
BRDA:9,1,1,9
BRDA:10,2,0,1
BRDA:10,2,1,1883
BRDA:12,3,0,2
BRDA:12,3,1,1881
BRDA:14,4,0,1835
BRDA:14,4,1,46
BRDA:26,5,0,5930
BRDA:28,6,0,8
BRDA:28,6,1,5930
BRDA:37,7,0,7471
BRDA:39,8,0,2274
BRDA:39,8,1,7471
BRDA:48,9,0,5897
BRDA:50,10,0,6239
BRDA:50,10,1,5897
BRDA:59,11,0,1
BRDA:65,12,0,2270
BRDA:71,13,0,3
BRDA:77,14,0,1
BRDA:83,15,0,1
BRDA:89,16,0,1
BRDA:121,17,0,2949
BRDA:121,17,1,2591
BRDA:121,17,2,2078
BRDA:127,18,0,7
BRDA:127,18,1,4
BRF:30
BRH:30
end_of_record
TN:
SF:/Users/freshwater/Git/calio/src/modules/format.js
FN:25,pad
FN:34,(anonymous_1)
FN:61,(anonymous_2)
FNF:3
FNH:3
FNDA:24,pad
FNDA:12,(anonymous_1)
FNDA:59,(anonymous_2)
DA:1,8
DA:2,8
DA:26,24
DA:27,24
DA:28,11
DA:31,24
DA:36,12
DA:37,1
DA:40,12
DA:41,12
DA:43,12
DA:44,12
DA:45,12
DA:46,12
DA:47,12
DA:61,12
DA:62,59
LF:17
LH:17
BRDA:25,0,0,24
BRDA:34,1,0,2
BRDA:36,2,0,1
BRDA:36,2,1,11
BRDA:36,3,0,12
BRDA:36,3,1,11
BRDA:40,4,0,10
BRDA:40,4,1,2
BRDA:41,5,0,12
BRDA:41,5,1,3
BRDA:41,5,2,1
BRDA:58,6,0,1
BRDA:58,6,1,11
BRDA:62,7,0,56
BRDA:62,7,1,3
BRF:15
BRH:15
end_of_record
